#
# A fatal error has been detected by the Java Runtime Environment:
#
#  EXCEPTION_ACCESS_VIOLATION (0xc0000005) at pc=0x00007ffa6833f4a6, pid=6328, tid=0x0000000000000498
#
# JRE version: Java(TM) SE Runtime Environment (8.0_171-b11) (build 1.8.0_171-b11)
# Java VM: Java HotSpot(TM) 64-Bit Server VM (25.171-b11 mixed mode windows-amd64 compressed oops)
# Problematic frame:
# C  [ntdll.dll+0x2f4a6]
#
# Failed to write core dump. Minidumps are not enabled by default on client versions of Windows
#
# If you would like to submit a bug report, please visit:
#   http://bugreport.java.com/bugreport/crash.jsp
# The crash happened outside the Java Virtual Machine in native code.
# See problematic frame for where to report the bug.
#

---------------  T H R E A D  ---------------

Current thread (0x0000000002bc4000):  JavaThread "main" [_thread_in_native, id=1176, stack(0x0000000001150000,0x0000000001250000)]

siginfo: ExceptionCode=0xc0000005, reading address 0x0000000000000091

Registers:
RAX=0x0000000000000000, RBX=0x000000000124ede0, RCX=0x000000000124ed80, RDX=0x0000000000000091
RSP=0x000000000124ed58, RBP=0x0000000000000000, RSI=0x00000000000000dc, RDI=0x0000000000000091
R8 =0x0000000000000000, R9 =0x0000000000000004, R10=0x0000000000ea1750, R11=0x000000000124ede0
R12=0x00000000ffffffff, R13=0x0000000000000000, R14=0x0000000000000001, R15=0x0000000000000004
RIP=0x00007ffa6833f4a6, EFLAGS=0x0000000000010256

Top of Stack: (sp=0x000000000124ed58)
0x000000000124ed58:   00007ffa65d95a65 0000000000eac080
0x000000000124ed68:   0000000000000000 0000000000e50308
0x000000000124ed78:   0000000000000045 0000000000000000
0x000000000124ed88:   0000000000000091 0000000002bc4000
0x000000000124ed98:   0000000000000001 0000000000000000
0x000000000124eda8:   000000000124f390 000000000124ef50
0x000000000124edb8:   00007ffa55279740 0000000000000001
0x000000000124edc8:   00000000000000dc 000000000124ef54
0x000000000124edd8:   0000000002bc4000 0000000000000000
0x000000000124ede8:   0000000000000000 0000000000000000
0x000000000124edf8:   0000000000000000 0000000000000000
0x000000000124ee08:   0000000000000000 0000000000000000
0x000000000124ee18:   0000000000000000 000000dc00000000
0x000000000124ee28:   0000000000000000 0000000000000000
0x000000000124ee38:   0000000000000000 0000000000000000
0x000000000124ee48:   0000000000000000 0000000000000000 

Instructions: (pc=0x00007ffa6833f4a6)
0x00007ffa6833f486:   cc cc cc cc cc cc cc cc cc cc 45 33 c0 48 89 51
0x00007ffa6833f496:   08 44 89 01 48 85 d2 74 2b 48 83 c8 ff 48 ff c0
0x00007ffa6833f4a6:   66 44 39 04 42 75 f6 48 03 c0 ba fc ff 00 00 48
0x00007ffa6833f4b6:   3d fe ff 00 00 48 0f 43 c2 66 89 01 66 83 c0 02 


Register to memory mapping:

RAX=0x0000000000000000 is an unknown value
RBX=0x000000000124ede0 is pointing into the stack for thread: 0x0000000002bc4000
RCX=0x000000000124ed80 is pointing into the stack for thread: 0x0000000002bc4000
RDX=0x0000000000000091 is an unknown value
RSP=0x000000000124ed58 is pointing into the stack for thread: 0x0000000002bc4000
RBP=0x0000000000000000 is an unknown value
RSI=0x00000000000000dc is an unknown value
RDI=0x0000000000000091 is an unknown value
R8 =0x0000000000000000 is an unknown value
R9 =0x0000000000000004 is an unknown value
R10=0x0000000000ea1750 is an unknown value
R11=0x000000000124ede0 is pointing into the stack for thread: 0x0000000002bc4000
R12=0x00000000ffffffff is an unallocated location in the heap
R13=0x0000000000000000 is an unknown value
R14=0x0000000000000001 is an unknown value
R15=0x0000000000000004 is an unknown value


Stack: [0x0000000001150000,0x0000000001250000],  sp=0x000000000124ed58,  free space=1019k
Native frames: (J=compiled Java code, j=interpreted, Vv=VM code, C=native code)

Java frames: (J=compiled Java code, j=interpreted, Vv=VM code)
j  org.lwjgl.system.JNI.invokePPPP(JIIJJJ)J+0
j  org.lwjgl.glfw.GLFW.nglfwCreateWindow(IIJJJ)J+14
j  org.lwjgl.glfw.GLFW.glfwCreateWindow(IILjava/lang/CharSequence;JJ)J+33
j  CoreWinKt.coreStart()V+32
j  CoreMainKt.main([Ljava/lang/String;)V+7
v  ~StubRoutines::call_stub

---------------  P R O C E S S  ---------------

Java Threads: ( => current thread )
  0x00000000168db800 JavaThread "Service Thread" daemon [_thread_blocked, id=2712, stack(0x0000000016f30000,0x0000000017030000)]
  0x000000001686b000 JavaThread "C1 CompilerThread2" daemon [_thread_blocked, id=8008, stack(0x0000000016e30000,0x0000000016f30000)]
  0x0000000016846800 JavaThread "C2 CompilerThread1" daemon [_thread_blocked, id=7924, stack(0x0000000016d30000,0x0000000016e30000)]
  0x0000000016845000 JavaThread "C2 CompilerThread0" daemon [_thread_blocked, id=8440, stack(0x0000000016c30000,0x0000000016d30000)]
  0x00000000167da800 JavaThread "Monitor Ctrl-Break" daemon [_thread_in_native, id=3608, stack(0x0000000016b30000,0x0000000016c30000)]
  0x00000000150c9000 JavaThread "Attach Listener" daemon [_thread_blocked, id=9524, stack(0x0000000016630000,0x0000000016730000)]
  0x00000000150c7800 JavaThread "Signal Dispatcher" daemon [_thread_blocked, id=6652, stack(0x0000000016530000,0x0000000016630000)]
  0x00000000150a9000 JavaThread "Finalizer" daemon [_thread_blocked, id=4608, stack(0x0000000016330000,0x0000000016430000)]
  0x0000000002cb4000 JavaThread "Reference Handler" daemon [_thread_blocked, id=9616, stack(0x0000000016230000,0x0000000016330000)]
=>0x0000000002bc4000 JavaThread "main" [_thread_in_native, id=1176, stack(0x0000000001150000,0x0000000001250000)]

Other Threads:
  0x0000000015087000 VMThread [stack: 0x0000000016130000,0x0000000016230000] [id=2516]
  0x0000000016970000 WatcherThread [stack: 0x0000000017030000,0x0000000017130000] [id=8612]

VM state:not at safepoint (normal execution)

VM Mutex/Monitor currently owned by a thread: None

Heap:
 PSYoungGen      total 17920K, used 9065K [0x00000000ec400000, 0x00000000ed800000, 0x0000000100000000)
  eden space 15360K, 59% used [0x00000000ec400000,0x00000000eccda7c0,0x00000000ed300000)
  from space 2560K, 0% used [0x00000000ed580000,0x00000000ed580000,0x00000000ed800000)
  to   space 2560K, 0% used [0x00000000ed300000,0x00000000ed300000,0x00000000ed580000)
 ParOldGen       total 40960K, used 0K [0x00000000c4c00000, 0x00000000c7400000, 0x00000000ec400000)
  object space 40960K, 0% used [0x00000000c4c00000,0x00000000c4c00000,0x00000000c7400000)
 Metaspace       used 6346K, capacity 6500K, committed 6656K, reserved 1056768K
  class space    used 695K, capacity 767K, committed 768K, reserved 1048576K

Card table byte_map: [0x0000000012080000,0x0000000012260000] byte_map_base: 0x0000000011a5a000

Marking Bits: (ParMarkBitMap*) 0x0000000057a008c0
 Begin Bits: [0x00000000127a0000, 0x0000000013670000)
 End Bits:   [0x0000000013670000, 0x0000000014540000)

Polling page: 0x0000000000dd0000

CodeCache: size=245760Kb used=2361Kb max_used=2361Kb free=243398Kb
 bounds [0x0000000002cc0000, 0x0000000002f30000, 0x0000000011cc0000]
 total_blobs=1191 nmethods=470 adapters=634
 compilation: enabled

Compilation events (10 events):
Event: 0.584 Thread 0x000000001686b000  465       3       java.util.WeakHashMap::hash (28 bytes)
Event: 0.584 Thread 0x000000001686b000 nmethod 465 0x0000000002ed91d0 code [0x0000000002ed9340, 0x0000000002ed9588]
Event: 0.584 Thread 0x000000001686b000  466       3       java.util.WeakHashMap::getTable (9 bytes)
Event: 0.585 Thread 0x000000001686b000 nmethod 466 0x0000000002ed8e10 code [0x0000000002ed8f80, 0x0000000002ed9128]
Event: 0.585 Thread 0x000000001686b000  467   !   3       java.util.WeakHashMap::expungeStaleEntries (139 bytes)
Event: 0.585 Thread 0x000000001686b000 nmethod 467 0x0000000002ed7b10 code [0x0000000002ed7ce0, 0x0000000002ed87e8]
Event: 0.585 Thread 0x000000001686b000  468       3       java.util.WeakHashMap::indexFor (6 bytes)
Event: 0.585 Thread 0x000000001686b000 nmethod 468 0x0000000002ed7810 code [0x0000000002ed7960, 0x0000000002ed7a90]
Event: 0.620 Thread 0x000000001686b000  470       3       java.net.URL::<init> (8 bytes)
Event: 0.621 Thread 0x000000001686b000 nmethod 470 0x0000000002f0f1d0 code [0x0000000002f0f340, 0x0000000002f0f4c8]

GC Heap History (0 events):
No events

Deoptimization events (2 events):
Event: 0.446 Thread 0x0000000002bc4000 Uncommon trap: reason=null_check action=make_not_entrant pc=0x0000000002e4cbd4 method=java.lang.String.equals(Ljava/lang/Object;)Z @ 8
Event: 0.488 Thread 0x0000000002bc4000 Uncommon trap: reason=unstable_if action=reinterpret pc=0x0000000002e8c290 method=java.lang.String.indexOf([CII[CIII)I @ 3

Classes redefined (0 events):
No events

Internal exceptions (10 events):
Event: 0.541 Thread 0x0000000002bc4000 Exception <a 'java/security/PrivilegedActionException'> (0x00000000ecbdbc78) thrown at [C:\re\workspace\8-2-build-windows-amd64-cygwin\jdk8u171\10807\hotspot\src\share\vm\prims\jvm.cpp, line 1435]
Event: 0.541 Thread 0x0000000002bc4000 Exception <a 'java/security/PrivilegedActionException'> (0x00000000ecbdbe88) thrown at [C:\re\workspace\8-2-build-windows-amd64-cygwin\jdk8u171\10807\hotspot\src\share\vm\prims\jvm.cpp, line 1435]
Event: 0.542 Thread 0x0000000002bc4000 Exception <a 'java/security/PrivilegedActionException'> (0x00000000ecbde128) thrown at [C:\re\workspace\8-2-build-windows-amd64-cygwin\jdk8u171\10807\hotspot\src\share\vm\prims\jvm.cpp, line 1435]
Event: 0.542 Thread 0x0000000002bc4000 Exception <a 'java/security/PrivilegedActionException'> (0x00000000ecbde338) thrown at [C:\re\workspace\8-2-build-windows-amd64-cygwin\jdk8u171\10807\hotspot\src\share\vm\prims\jvm.cpp, line 1435]
Event: 0.542 Thread 0x0000000002bc4000 Exception <a 'java/security/PrivilegedActionException'> (0x00000000ecbe0498) thrown at [C:\re\workspace\8-2-build-windows-amd64-cygwin\jdk8u171\10807\hotspot\src\share\vm\prims\jvm.cpp, line 1435]
Event: 0.542 Thread 0x0000000002bc4000 Exception <a 'java/security/PrivilegedActionException'> (0x00000000ecbe06a8) thrown at [C:\re\workspace\8-2-build-windows-amd64-cygwin\jdk8u171\10807\hotspot\src\share\vm\prims\jvm.cpp, line 1435]
Event: 0.542 Thread 0x0000000002bc4000 Exception <a 'java/security/PrivilegedActionException'> (0x00000000ecbe28b8) thrown at [C:\re\workspace\8-2-build-windows-amd64-cygwin\jdk8u171\10807\hotspot\src\share\vm\prims\jvm.cpp, line 1435]
Event: 0.542 Thread 0x0000000002bc4000 Exception <a 'java/security/PrivilegedActionException'> (0x00000000ecbe2ac8) thrown at [C:\re\workspace\8-2-build-windows-amd64-cygwin\jdk8u171\10807\hotspot\src\share\vm\prims\jvm.cpp, line 1435]
Event: 0.542 Thread 0x0000000002bc4000 Exception <a 'java/security/PrivilegedActionException'> (0x00000000ecbe4d88) thrown at [C:\re\workspace\8-2-build-windows-amd64-cygwin\jdk8u171\10807\hotspot\src\share\vm\prims\jvm.cpp, line 1435]
Event: 0.542 Thread 0x0000000002bc4000 Exception <a 'java/security/PrivilegedActionException'> (0x00000000ecbe4f98) thrown at [C:\re\workspace\8-2-build-windows-amd64-cygwin\jdk8u171\10807\hotspot\src\share\vm\prims\jvm.cpp, line 1435]

Events (10 events):
Event: 0.573 Thread 0x0000000002bc4000 DEOPT PACKING pc=0x0000000002eb51fe sp=0x000000000124e870
Event: 0.573 Thread 0x0000000002bc4000 DEOPT UNPACKING pc=0x0000000002d07890 sp=0x000000000124e588 mode 0
Event: 0.574 Thread 0x0000000002bc4000 DEOPT PACKING pc=0x0000000002eb51fe sp=0x000000000124e870
Event: 0.574 Thread 0x0000000002bc4000 DEOPT UNPACKING pc=0x0000000002d07890 sp=0x000000000124e588 mode 0
Event: 0.574 loading class org/lwjgl/glfw/GLFW$Functions
Event: 0.574 loading class org/lwjgl/glfw/GLFW$Functions done
Event: 0.578 loading class org/lwjgl/system/JNI
Event: 0.578 loading class org/lwjgl/system/JNI done
Event: 0.620 loading class org/lwjgl/glfw/EventLoop$OffScreen
Event: 0.620 loading class org/lwjgl/glfw/EventLoop$OffScreen done


Dynamic libraries:
0x00007ff7a3cd0000 - 0x00007ff7a3d07000 	C:\Program Files\Java\jdk1.8.0_171\bin\java.exe
0x00007ffa68310000 - 0x00007ffa684f1000 	C:\WINDOWS\SYSTEM32\ntdll.dll
0x00007ffa65f00000 - 0x00007ffa65fb2000 	C:\WINDOWS\System32\KERNEL32.DLL
0x00007ffa65480000 - 0x00007ffa656f3000 	C:\WINDOWS\System32\KERNELBASE.dll
0x00007ffa66860000 - 0x00007ffa66901000 	C:\WINDOWS\System32\ADVAPI32.dll
0x00007ffa66410000 - 0x00007ffa664ae000 	C:\WINDOWS\System32\msvcrt.dll
0x00007ffa66800000 - 0x00007ffa6685b000 	C:\WINDOWS\System32\sechost.dll
0x00007ffa65c00000 - 0x00007ffa65d24000 	C:\WINDOWS\System32\RPCRT4.dll
0x00007ffa65d70000 - 0x00007ffa65f00000 	C:\WINDOWS\System32\USER32.dll
0x00007ffa653e0000 - 0x00007ffa65400000 	C:\WINDOWS\System32\win32u.dll
0x00007ffa68240000 - 0x00007ffa68268000 	C:\WINDOWS\System32\GDI32.dll
0x00007ffa64790000 - 0x00007ffa64922000 	C:\WINDOWS\System32\gdi32full.dll
0x00007ffa65700000 - 0x00007ffa6579f000 	C:\WINDOWS\System32\msvcp_win.dll
0x00007ffa64930000 - 0x00007ffa64a2a000 	C:\WINDOWS\System32\ucrtbase.dll
0x00007ffa51cc0000 - 0x00007ffa51f29000 	C:\WINDOWS\WinSxS\amd64_microsoft.windows.common-controls_6595b64144ccf1df_6.0.17134.345_none_fb429a5930656358\COMCTL32.dll
0x00007ffa657a0000 - 0x00007ffa65ac3000 	C:\WINDOWS\System32\combase.dll
0x00007ffa65400000 - 0x00007ffa6547a000 	C:\WINDOWS\System32\bcryptPrimitives.dll
0x00007ffa65d40000 - 0x00007ffa65d6d000 	C:\WINDOWS\System32\IMM32.DLL
0x0000000057a80000 - 0x0000000057b52000 	C:\Program Files\Java\jdk1.8.0_171\jre\bin\msvcr100.dll
0x00000000571e0000 - 0x0000000057a80000 	C:\Program Files\Java\jdk1.8.0_171\jre\bin\server\jvm.dll
0x00007ffa68270000 - 0x00007ffa68278000 	C:\WINDOWS\System32\PSAPI.DLL
0x00007ffa453e0000 - 0x00007ffa453e9000 	C:\WINDOWS\SYSTEM32\WSOCK32.dll
0x00007ffa66b40000 - 0x00007ffa66bac000 	C:\WINDOWS\System32\WS2_32.dll
0x00007ffa624f0000 - 0x00007ffa62513000 	C:\WINDOWS\SYSTEM32\WINMM.dll
0x00007ffa63250000 - 0x00007ffa6325a000 	C:\WINDOWS\SYSTEM32\VERSION.dll
0x00007ffa62450000 - 0x00007ffa6247a000 	C:\WINDOWS\SYSTEM32\WINMMBASE.dll
0x00007ffa646e0000 - 0x00007ffa64729000 	C:\WINDOWS\System32\cfgmgr32.dll
0x0000000058a30000 - 0x0000000058a3f000 	C:\Program Files\Java\jdk1.8.0_171\jre\bin\verify.dll
0x0000000058a00000 - 0x0000000058a29000 	C:\Program Files\Java\jdk1.8.0_171\jre\bin\java.dll
0x0000000056fd0000 - 0x0000000056ff3000 	C:\Program Files\Java\jdk1.8.0_171\jre\bin\instrument.dll
0x00000000589e0000 - 0x00000000589f6000 	C:\Program Files\Java\jdk1.8.0_171\jre\bin\zip.dll
0x00007ffa66e00000 - 0x00007ffa6823f000 	C:\WINDOWS\System32\SHELL32.dll
0x00007ffa66a90000 - 0x00007ffa66b39000 	C:\WINDOWS\System32\shcore.dll
0x00007ffa64cd0000 - 0x00007ffa653dd000 	C:\WINDOWS\System32\windows.storage.dll
0x00007ffa65ad0000 - 0x00007ffa65b21000 	C:\WINDOWS\System32\shlwapi.dll
0x00007ffa64640000 - 0x00007ffa64651000 	C:\WINDOWS\System32\kernel.appcore.dll
0x00007ffa646c0000 - 0x00007ffa646df000 	C:\WINDOWS\System32\profapi.dll
0x00007ffa64670000 - 0x00007ffa646bc000 	C:\WINDOWS\System32\powrprof.dll
0x00007ffa64660000 - 0x00007ffa6466a000 	C:\WINDOWS\System32\FLTLIB.DLL
0x00007ffa60bd0000 - 0x00007ffa60bea000 	C:\Program Files\JetBrains\IntelliJ IDEA 2018.1.2\bin\breakgen64.dll
0x00000000589c0000 - 0x00000000589da000 	C:\Program Files\Java\jdk1.8.0_171\jre\bin\net.dll
0x00007ffa63ea0000 - 0x00007ffa63f06000 	C:\WINDOWS\system32\mswsock.dll
0x00000000571c0000 - 0x00000000571d1000 	C:\Program Files\Java\jdk1.8.0_171\jre\bin\nio.dll
0x00007ffa540c0000 - 0x00007ffa54121000 	C:\Users\User\AppData\Local\Temp\lwjglUser\3.2.0-build-12\lwjgl.dll
0x00007ffa55270000 - 0x00007ffa552cc000 	C:\Users\User\AppData\Local\Temp\lwjglUser\3.2.0-build-12\glfw.dll
0x00007ffa62970000 - 0x00007ffa62a08000 	C:\WINDOWS\system32\uxtheme.dll
0x00007ffa47d80000 - 0x00007ffa47dc3000 	C:\WINDOWS\SYSTEM32\dinput8.dll
0x00007ffa60bc0000 - 0x00007ffa60bd0000 	C:\WINDOWS\SYSTEM32\xinput1_4.dll
0x00007ffa64430000 - 0x00007ffa64457000 	C:\WINDOWS\SYSTEM32\DEVOBJ.dll
0x00007ffa62c10000 - 0x00007ffa62c39000 	C:\WINDOWS\SYSTEM32\dwmapi.dll
0x00007ffa66910000 - 0x00007ffa66a84000 	C:\WINDOWS\System32\MSCTF.dll
0x00007ffa65b30000 - 0x00007ffa65bf2000 	C:\WINDOWS\System32\OLEAUT32.dll
0x00007ffa63350000 - 0x00007ffa6335c000 	C:\WINDOWS\SYSTEM32\HID.DLL
0x00007ffa65fc0000 - 0x00007ffa6640b000 	C:\WINDOWS\System32\SETUPAPI.DLL
0x00007ffa64730000 - 0x00007ffa64787000 	C:\WINDOWS\System32\WINTRUST.dll
0x00007ffa64620000 - 0x00007ffa64632000 	C:\WINDOWS\System32\MSASN1.dll
0x00007ffa64ae0000 - 0x00007ffa64cc2000 	C:\WINDOWS\System32\CRYPT32.dll
0x00007ffa56080000 - 0x00007ffa560f9000 	C:\WINDOWS\SYSTEM32\inputhost.dll
0x00007ffa61cd0000 - 0x00007ffa61daa000 	C:\WINDOWS\SYSTEM32\CoreMessaging.dll
0x00007ffa609d0000 - 0x00007ffa60b1d000 	C:\WINDOWS\SYSTEM32\wintypes.dll
0x00007ffa5f9b0000 - 0x00007ffa5fcce000 	C:\WINDOWS\SYSTEM32\CoreUIComponents.dll
0x00007ffa63710000 - 0x00007ffa63741000 	C:\WINDOWS\SYSTEM32\ntmarta.dll
0x00007ffa577f0000 - 0x00007ffa579b9000 	C:\WINDOWS\SYSTEM32\dbghelp.dll

VM Arguments:
jvm_args: -javaagent:C:\Program Files\JetBrains\IntelliJ IDEA 2018.1.2\lib\idea_rt.jar=56045:C:\Program Files\JetBrains\IntelliJ IDEA 2018.1.2\bin -Dfile.encoding=UTF-8 
java_command: CoreMainKt
java_class_path (initial): C:\Program Files\Java\jdk1.8.0_171\jre\lib\charsets.jar;C:\Program Files\Java\jdk1.8.0_171\jre\lib\deploy.jar;C:\Program Files\Java\jdk1.8.0_171\jre\lib\ext\access-bridge-64.jar;C:\Program Files\Java\jdk1.8.0_171\jre\lib\ext\cldrdata.jar;C:\Program Files\Java\jdk1.8.0_171\jre\lib\ext\dnsns.jar;C:\Program Files\Java\jdk1.8.0_171\jre\lib\ext\jaccess.jar;C:\Program Files\Java\jdk1.8.0_171\jre\lib\ext\jfxrt.jar;C:\Program Files\Java\jdk1.8.0_171\jre\lib\ext\localedata.jar;C:\Program Files\Java\jdk1.8.0_171\jre\lib\ext\nashorn.jar;C:\Program Files\Java\jdk1.8.0_171\jre\lib\ext\sunec.jar;C:\Program Files\Java\jdk1.8.0_171\jre\lib\ext\sunjce_provider.jar;C:\Program Files\Java\jdk1.8.0_171\jre\lib\ext\sunmscapi.jar;C:\Program Files\Java\jdk1.8.0_171\jre\lib\ext\sunpkcs11.jar;C:\Program Files\Java\jdk1.8.0_171\jre\lib\ext\zipfs.jar;C:\Program Files\Java\jdk1.8.0_171\jre\lib\javaws.jar;C:\Program Files\Java\jdk1.8.0_171\jre\lib\jce.jar;C:\Program Files\Java\jdk1.8.0_171\jre\lib\jfr.jar;C:\Program Files\Java\jdk1.8.0_171\jre\lib\jfxswt.jar;C:\Program Files\Java\jdk1.8.0_171\jre\lib\jsse.jar;C:\Program Files\Java\jdk1.8.0_171\jre\lib\management-agent.jar;C:\Program Files\Java\jdk1.8.0_171\jre\lib\plugin.jar;C:\Program Files\Java\jdk1.8.0_171\jre\lib\resources.jar;C:\Program Files\Java\jdk1.8.0_171\jre\lib\rt.jar;C:\IdeaProjects\PixelSnake\out\production\classes;C:\Users\User\.gradle\caches\modules-2\files-2.1\org.lwjgl\lwjgl-glfw\3.2.0\9ff0ed06de0a1d83dd182f2ead48ac4c90865c44\lwjgl-glfw-3.2.0.jar;C:\Users\User\.gradle\caches\modules-2\files-2.1\org.lwjgl\lwjgl-glfw\3.2.0\986cd6b09807ad2d67b5002b6d9dc089e3fc88f8\lwjgl-glfw-3.2.0-natives-windows.jar;C:\Users\User\.gradle\caches\modules-2\files-2.1\org.lwjgl\lwjgl-nanovg\3.2.0\c5044864cd633fae04951291a2615215df25542b\lwjgl-nanovg-3.2.0.jar;C:\Users\User\.gradle\caches\modules-2\files-2.1\org.lwjgl\lwjgl-nanovg\3.2.0\9158e3ae544c9a1585b3c1674e1982fc8e082e4d\lwjgl-nanovg-3.2.0-natives-windows.jar;C:\User
Launcher Type: SUN_STANDARD

Environment Variables:
JRE_HOME=C:\Program Files\Java\jre1.8.0_171
PATH=C:\Program Files (x86)\Common Files\Oracle\Java\javapath;C:\WINDOWS\system32;C:\WINDOWS;C:\WINDOWS\System32\Wbem;C:\WINDOWS\System32\WindowsPowerShell\v1.0\;C:\WINDOWS\System32\OpenSSH\;C:\Program Files\Git\cmd;C:\Program Files (x86)\Google\Cloud SDK\google-cloud-sdk\bin;C:\Users\User\AppData\Local\Microsoft\WindowsApps;C:\Program Files\Heroku\bin
USERNAME=User
OS=Windows_NT
PROCESSOR_IDENTIFIER=Intel64 Family 6 Model 94 Stepping 3, GenuineIntel



---------------  S Y S T E M  ---------------

OS: Windows 10.0 , 64 bit Build 17134 (10.0.17134.1)

CPU:total 4 (initial active 4) (2 cores per cpu, 2 threads per core) family 6 model 94 stepping 3, cmov, cx8, fxsr, mmx, sse, sse2, sse3, ssse3, sse4.1, sse4.2, popcnt, avx, avx2, aes, clmul, erms, 3dnowpref, lzcnt, ht, tsc, tscinvbit, bmi1, bmi2, adx

Memory: 4k page, physical 3878120k(682348k free), swap 9121000k(2570712k free)

vm_info: Java HotSpot(TM) 64-Bit Server VM (25.171-b11) for windows-amd64 JRE (1.8.0_171-b11), built on Mar 28 2018 16:06:12 by "java_re" with MS VC++ 10.0 (VS2010)

time: Thu Nov 01 11:00:30 2018
elapsed time: 1 seconds (0d 0h 0m 1s)

